TN:
SF:app.js
FNF:0
FNH:0
DA:2,7
DA:3,7
DA:8,7
DA:9,7
DA:10,7
DA:11,7
DA:12,7
DA:14,7
DA:15,7
DA:16,7
DA:18,7
DA:20,7
DA:22,7
LF:13
LH:13
BRDA:2,0,0,7
BRDA:2,0,1,0
BRF:2
BRH:1
end_of_record
TN:
SF:controllers\AuthController.js
FN:5,(anonymous_0)
FN:23,(anonymous_1)
FNF:2
FNH:2
FNDA:2,(anonymous_0)
FNDA:3,(anonymous_1)
DA:1,7
DA:2,7
DA:3,7
DA:6,2
DA:7,2
DA:8,2
DA:17,1
DA:19,1
DA:24,3
DA:25,3
DA:26,3
DA:27,3
DA:28,1
DA:31,2
DA:32,2
DA:33,1
DA:35,1
DA:40,1
DA:42,1
DA:49,2
DA:54,7
LF:21
LH:21
BRDA:27,0,0,1
BRDA:27,0,1,2
BRDA:32,1,0,1
BRDA:32,1,1,1
BRF:4
BRH:4
end_of_record
TN:
SF:controllers\CategoryController.js
FN:4,(anonymous_0)
FNF:1
FNH:1
FNDA:2,(anonymous_0)
DA:1,7
DA:5,2
DA:6,2
DA:9,2
DA:11,0
DA:16,7
LF:6
LH:5
BRF:0
BRH:0
end_of_record
TN:
SF:controllers\ControllerOrder.js
FN:6,(anonymous_0)
FN:57,(anonymous_1)
FN:76,(anonymous_2)
FN:90,(anonymous_3)
FN:102,(anonymous_4)
FNF:5
FNH:5
FNDA:2,(anonymous_0)
FNDA:2,(anonymous_1)
FNDA:1,(anonymous_2)
FNDA:2,(anonymous_3)
FNDA:2,(anonymous_4)
DA:3,7
DA:7,2
DA:8,2
DA:9,2
DA:10,2
DA:11,2
DA:12,2
DA:23,2
DA:24,2
DA:29,2
DA:30,1
DA:36,1
DA:38,1
DA:39,1
DA:40,1
DA:47,2
DA:49,2
DA:51,0
DA:52,0
DA:53,0
DA:58,2
DA:59,2
DA:61,2
DA:67,2
DA:68,1
DA:71,1
DA:73,1
DA:77,1
DA:78,1
DA:84,1
DA:86,0
DA:91,2
DA:92,2
DA:93,2
DA:94,2
DA:96,1
DA:98,1
DA:103,2
DA:104,2
DA:105,2
DA:106,2
DA:108,1
DA:109,1
DA:115,1
DA:117,1
DA:121,7
LF:46
LH:42
BRDA:29,0,0,1
BRDA:29,0,1,1
BRDA:38,1,0,1
BRDA:38,1,1,0
BRDA:67,2,0,1
BRDA:67,2,1,1
BRDA:94,3,0,1
BRDA:94,3,1,1
BRDA:106,4,0,1
BRDA:106,4,1,1
BRF:10
BRH:9
end_of_record
TN:
SF:controllers\ItemController.js
FN:4,(anonymous_0)
FN:15,(anonymous_1)
FNF:2
FNH:2
FNDA:1,(anonymous_0)
FNDA:2,(anonymous_1)
DA:1,7
DA:5,1
DA:6,1
DA:9,1
DA:11,0
DA:16,2
DA:17,2
DA:18,2
DA:21,2
DA:22,1
DA:24,1
DA:30,1
DA:35,7
LF:13
LH:12
BRDA:21,0,0,1
BRDA:21,0,1,1
BRF:2
BRH:2
end_of_record
TN:
SF:controllers\PaymentController.js
FN:3,(anonymous_0)
FNF:1
FNH:1
FNDA:2,(anonymous_0)
DA:1,7
DA:4,2
DA:5,2
DA:7,2
DA:20,2
DA:22,2
DA:24,1
DA:29,1
DA:34,7
LF:9
LH:9
BRF:0
BRH:0
end_of_record
TN:
SF:controllers\orderDetailController.js
FN:4,(anonymous_0)
FN:44,(anonymous_1)
FN:59,(anonymous_2)
FNF:3
FNH:3
FNDA:3,(anonymous_0)
FNDA:2,(anonymous_1)
FNDA:4,(anonymous_2)
DA:2,7
DA:3,7
DA:5,3
DA:6,3
DA:7,3
DA:9,3
DA:16,2
DA:17,1
DA:22,1
DA:31,1
DA:33,1
DA:34,1
DA:36,1
DA:41,2
DA:45,2
DA:46,2
DA:47,2
DA:48,2
DA:50,1
DA:53,1
DA:55,1
DA:60,4
DA:61,4
DA:62,4
DA:63,4
DA:64,4
DA:65,3
DA:66,3
DA:67,1
DA:73,1
DA:74,2
DA:75,1
DA:81,1
DA:83,3
DA:87,1
LF:35
LH:35
BRDA:16,0,0,1
BRDA:16,0,1,1
BRDA:48,1,0,1
BRDA:48,1,1,1
BRDA:64,2,0,1
BRDA:64,2,1,3
BRDA:66,3,0,1
BRDA:66,3,1,2
BRDA:74,4,0,1
BRDA:74,4,1,1
BRF:10
BRH:10
end_of_record
TN:
SF:helpers\Midtrans.js
FN:9,(anonymous_0)
FNF:1
FNH:1
FNDA:1,(anonymous_0)
DA:1,7
DA:3,7
DA:9,7
DA:10,1
DA:13,7
LF:5
LH:5
BRF:0
BRH:0
end_of_record
TN:
SF:helpers\bcrypt.js
FN:3,hashPassword
FN:7,comparePassword
FNF:2
FNH:2
FNDA:5,hashPassword
FNDA:2,comparePassword
DA:1,7
DA:4,5
DA:8,2
DA:11,7
LF:4
LH:4
BRF:0
BRH:0
end_of_record
TN:
SF:helpers\jwt.js
FN:3,createToken
FN:7,readToken
FNF:2
FNH:2
FNDA:5,createToken
FNDA:21,readToken
DA:1,7
DA:4,5
DA:8,21
DA:11,7
LF:4
LH:4
BRF:0
BRH:0
end_of_record
TN:
SF:middlewares\auth.js
FN:4,authentication
FNF:1
FNH:1
FNDA:21,authentication
DA:1,7
DA:2,7
DA:5,21
DA:6,21
DA:8,21
DA:10,20
DA:17,20
DA:23,20
DA:25,1
DA:29,7
LF:10
LH:10
BRF:0
BRH:0
end_of_record
TN:
SF:middlewares\errorHandler.js
FN:1,errorHandler
FN:21,(anonymous_1)
FNF:2
FNH:2
FNDA:13,errorHandler
FNDA:2,(anonymous_1)
DA:2,13
DA:3,13
DA:4,2
DA:7,11
DA:13,1
DA:16,10
DA:17,6
DA:20,4
DA:21,1
DA:22,2
DA:24,1
DA:27,3
DA:28,1
DA:33,2
DA:39,7
LF:15
LH:15
BRDA:3,0,0,2
BRDA:3,0,1,11
BRDA:7,1,0,1
BRDA:7,1,1,10
BRDA:8,2,0,11
BRDA:8,2,1,11
BRDA:8,2,2,11
BRDA:8,2,3,11
BRDA:16,3,0,6
BRDA:16,3,1,4
BRDA:20,4,0,1
BRDA:20,4,1,3
BRDA:27,5,0,1
BRDA:27,5,1,2
BRF:14
BRH:14
end_of_record
TN:
SF:models\category.js
FN:3,(anonymous_0)
FN:10,(anonymous_1)
FNF:2
FNH:2
FNDA:7,(anonymous_0)
FNDA:7,(anonymous_1)
DA:2,7
DA:3,7
DA:12,7
DA:15,7
DA:24,7
LF:5
LH:5
BRF:0
BRH:0
end_of_record
TN:
SF:models\index.js
FN:24,(anonymous_0)
FN:29,(anonymous_1)
FN:37,(anonymous_2)
FNF:3
FNH:3
FNDA:42,(anonymous_0)
FNDA:35,(anonymous_1)
FNDA:35,(anonymous_2)
DA:3,7
DA:4,7
DA:5,7
DA:6,7
DA:7,7
DA:8,7
DA:9,7
DA:12,7
DA:13,0
DA:15,7
DA:23,7
DA:25,42
DA:30,35
DA:34,35
DA:37,7
DA:38,35
DA:39,35
DA:43,7
DA:44,7
DA:46,7
LF:20
LH:19
BRDA:7,0,0,7
BRDA:7,0,1,0
BRDA:12,1,0,0
BRDA:12,1,1,7
BRDA:26,2,0,42
BRDA:26,2,1,42
BRDA:26,2,2,35
BRDA:38,3,0,35
BRDA:38,3,1,0
BRF:9
BRH:6
end_of_record
TN:
SF:models\item.js
FN:3,(anonymous_0)
FN:10,(anonymous_1)
FNF:2
FNH:2
FNDA:7,(anonymous_0)
FNDA:7,(anonymous_1)
DA:2,7
DA:3,7
DA:12,7
DA:13,7
DA:16,7
DA:29,7
LF:6
LH:6
BRF:0
BRH:0
end_of_record
TN:
SF:models\order.js
FN:3,(anonymous_0)
FN:10,(anonymous_1)
FNF:2
FNH:2
FNDA:7,(anonymous_0)
FNDA:7,(anonymous_1)
DA:2,7
DA:3,7
DA:12,7
DA:13,7
DA:16,7
DA:27,7
LF:6
LH:6
BRF:0
BRH:0
end_of_record
TN:
SF:models\orderdetail.js
FN:3,(anonymous_0)
FN:10,(anonymous_1)
FNF:2
FNH:2
FNDA:7,(anonymous_0)
FNDA:7,(anonymous_1)
DA:2,7
DA:3,7
DA:12,7
DA:13,7
DA:16,7
DA:30,7
LF:6
LH:6
BRF:0
BRH:0
end_of_record
TN:
SF:models\user.js
FN:4,(anonymous_0)
FN:11,(anonymous_1)
FN:64,(anonymous_2)
FNF:3
FNH:3
FNDA:7,(anonymous_0)
FNDA:7,(anonymous_1)
FNDA:5,(anonymous_2)
DA:2,7
DA:3,7
DA:4,7
DA:13,7
DA:16,7
DA:64,7
DA:65,5
DA:66,5
DA:68,7
LF:9
LH:9
BRF:0
BRH:0
end_of_record
TN:
SF:routes\index.js
FNF:0
FNH:0
DA:2,7
DA:3,7
DA:4,7
DA:5,7
DA:6,7
DA:7,7
DA:8,7
DA:10,7
DA:11,7
DA:12,7
DA:13,7
DA:14,7
DA:15,7
DA:17,7
LF:14
LH:14
BRF:0
BRH:0
end_of_record
TN:
SF:routes\orderDetails.js
FNF:0
FNH:0
DA:2,7
DA:3,7
DA:5,7
DA:7,7
DA:9,7
DA:10,7
DA:11,7
DA:13,7
LF:8
LH:8
BRF:0
BRH:0
end_of_record
TN:
SF:routes\orders.js
FNF:0
FNH:0
DA:2,7
DA:3,7
DA:4,7
DA:5,7
DA:7,7
DA:9,7
DA:10,7
DA:11,7
DA:12,7
DA:13,7
DA:15,7
LF:11
LH:11
BRF:0
BRH:0
end_of_record
TN:
SF:routes\payment.js
FNF:0
FNH:0
DA:1,7
DA:2,7
DA:3,7
DA:4,7
DA:6,7
DA:8,7
DA:10,7
LF:7
LH:7
BRF:0
BRH:0
end_of_record
TN:
SF:routes\routeCategory.js
FNF:0
FNH:0
DA:1,7
DA:2,7
DA:3,7
DA:6,7
DA:8,7
LF:5
LH:5
BRF:0
BRH:0
end_of_record
TN:
SF:routes\routeItem.js
FNF:0
FNH:0
DA:1,7
DA:2,7
DA:3,7
DA:6,7
DA:9,7
DA:11,7
LF:6
LH:6
BRF:0
BRH:0
end_of_record
TN:
SF:routes\routeUser.js
FNF:0
FNH:0
DA:2,7
DA:3,7
DA:5,7
DA:7,7
DA:9,7
LF:5
LH:5
BRF:0
BRH:0
end_of_record
